<?xml version="1.0" encoding="UTF-8"?>
<!-- Generated by org.testng.reporters.JUnitReportReporter -->
<testsuite hostname="dell" failures="0" tests="7" name="com.ohrm.testcases.DashboardPageTest" time="90.561" errors="0" timestamp="2024-02-28T19:15:35 IST" skipped="0">
  <testcase classname="com.ohrm.testcases.DashboardPageTest" name="validateMyActionsTest" time="12.872"/>
  <system-out/>
  <testcase classname="com.ohrm.testcases.DashboardPageTest" name="validateTimeWorkSectionTest" time="14.230"/>
  <system-out/>
  <testcase classname="com.ohrm.testcases.DashboardPageTest" name="validateQuickLaunch" time="13.725"/>
  <system-out/>
  <testcase classname="com.ohrm.testcases.DashboardPageTest" name="validateEmployeesONLeaveToday" time="13.318"/>
  <system-out/>
  <testcase classname="com.ohrm.testcases.DashboardPageTest" name="validateBuzzLatestPost" time="12.005"/>
  <system-out/>
  <testcase classname="com.ohrm.testcases.DashboardPageTest" name="validateEmployeeDistributionByLocation" time="13.068"/>
  <system-out/>
  <testcase classname="com.ohrm.testcases.DashboardPageTest" name="validateEmployeeDistributionBySubUnit" time="11.343"/>
  <system-out/>
</testsuite> <!-- com.ohrm.testcases.DashboardPageTest -->
